<?xml version="1.0" encoding="UTF-8"?>
<!-- Generated by org.testng.reporters.JUnitReportReporter -->
<testsuite hostname="CBT-077" name="com.test.scripts.WelcomeTest" tests="1" failures="0" timestamp="29 Feb 2016 08:23:24 GMT" time="26.011" errors="0">
  <testcase name="testSkip" time="26.011" classname="com.test.scripts.WelcomeTest"/>
</testsuite> <!-- com.test.scripts.WelcomeTest -->
