<?xml version="1.0" encoding="UTF-8"?>
<!-- Generated by org.testng.reporters.JUnitReportReporter -->
<testsuite hostname="CBT-077" name="com.test.scripts.BusinessProfileTest" tests="1" failures="0" timestamp="10 Mar 2016 09:22:37 GMT" time="80.228" errors="0">
  <testcase name="testBusinessProfilePage" time="80.228" classname="com.test.scripts.BusinessProfileTest"/>
</testsuite> <!-- com.test.scripts.BusinessProfileTest -->
