<?xml version="1.0" encoding="UTF-8"?>
<!-- Generated by org.testng.reporters.JUnitReportReporter -->
<testsuite hostname="CBT-077" name="com.test.scripts.HomeTest" tests="1" failures="0" timestamp="9 Mar 2016 06:32:19 GMT" time="53.414" errors="0">
  <testcase name="testPopularCtgrs" time="53.414" classname="com.test.scripts.HomeTest"/>
</testsuite> <!-- com.test.scripts.HomeTest -->
