<?xml version="1.0" encoding="UTF-8"?>
<!-- Generated by org.testng.reporters.JUnitReportReporter -->
<testsuite hostname="user-PC" name="com.houzify.scripts.WelcomeTest" tests="1" failures="0" timestamp="27 Feb 2016 19:01:56 GMT" time="31.684" errors="0">
  <testcase name="testWelcome" time="31.684" classname="com.houzify.scripts.WelcomeTest"/>
</testsuite> <!-- com.houzify.scripts.WelcomeTest -->
