<?xml version="1.0" encoding="UTF-8"?>
<!-- Generated by org.testng.reporters.JUnitReportReporter -->
<testsuite hostname="CBT-076" name="com.houzify.scripts.HZActionsTest" tests="1" failures="0" timestamp="11 Nov 2015 04:39:52 GMT" time="50.420" errors="0">
  <testcase name="testSwipe" time="50.420" classname="com.houzify.scripts.HZActionsTest"/>
</testsuite> <!-- com.houzify.scripts.HZActionsTest -->
